<?xml version="1.0" encoding="UTF-8"?>
<coverage generated="1641193738666" clover="3.2.0">
  <project timestamp="1641193738666" name="All files">
    <metrics statements="2" coveredstatements="2" conditionals="0" coveredconditionals="0" methods="1" coveredmethods="1" elements="3" coveredelements="3" complexity="0" loc="2" ncloc="2" packages="1" files="1" classes="1"/>
    <file name="add.js" path="/Users/zehan/Desktop/altcampus/Advance-JAVASCRIPT/Advanced DOM and Writing Test/test-with/test-with-jest/test-with-jest/add.js">
      <metrics statements="2" coveredstatements="2" conditionals="0" coveredconditionals="0" methods="1" coveredmethods="1"/>
      <line num="2" count="4" type="stmt"/>
      <line num="5" count="1" type="stmt"/>
    </file>
  </project>
</coverage>
