{"/Users/zehan/Desktop/altcampus/Advance-JAVASCRIPT/Advanced DOM and Writing Test/test-with/test-with-jest/test-with-jest/add.js": {"path":"/Users/zehan/Desktop/altcampus/Advance-JAVASCRIPT/Advanced DOM and Writing Test/test-with/test-with-jest/test-with-jest/add.js","statementMap":{"0":{"start":{"line":2,"column":4},"end":{"line":2,"column":17}},"1":{"start":{"line":5,"column":0},"end":{"line":5,"column":21}}},"fnMap":{"0":{"name":"add","decl":{"start":{"line":1,"column":9},"end":{"line":1,"column":12}},"loc":{"start":{"line":1,"column":17},"end":{"line":3,"column":1}},"line":1}},"branchMap":{},"s":{"0":4,"1":1},"f":{"0":4},"b":{},"_coverageSchema":"1a1c01bbd47fc00a2c39e90264f33305004495a9","hash":"d7968cb5d356ca2cf8bb4f205e480ee6bff59f3d"}
}
